<?xml version="1.0" encoding="UTF-8"?>
<testng-results skipped="1" failed="0" total="1" passed="0">
  <reporter-output>
  </reporter-output>
  <suite name="Default suite" duration-ms="89" started-at="2015-09-01T05:27:44Z" finished-at="2015-09-01T05:27:45Z">
    <groups>
    </groups>
    <test name="Default test" duration-ms="89" started-at="2015-09-01T05:27:44Z" finished-at="2015-09-01T05:27:45Z">
      <class name="org.maui.selenium.web.WalmartFlowTest">
        <test-method status="FAIL" signature="setup()[pri:0, instance:org.maui.selenium.web.WalmartFlowTest@aaf5002]" name="setup" is-config="true" duration-ms="0" started-at="2015-08-31T22:27:44Z" finished-at="2015-08-31T22:27:44Z">
          <exception class="java.lang.IllegalStateException">
            <message>
              <![CDATA[The path to the driver executable must be set by the webdriver.chrome.driver system property; for more information, see https://github.com/SeleniumHQ/selenium/wiki/ChromeDriver. The latest version can be downloaded from http://chromedriver.storage.googleapis.com/index.html]]>
            </message>
            <full-stacktrace>
              <![CDATA[java.lang.IllegalStateException: The path to the driver executable must be set by the webdriver.chrome.driver system property; for more information, see https://github.com/SeleniumHQ/selenium/wiki/ChromeDriver. The latest version can be downloaded from http://chromedriver.storage.googleapis.com/index.html
	at com.google.common.base.Preconditions.checkState(Preconditions.java:197)
	at org.openqa.selenium.remote.service.DriverService.findExecutable(DriverService.java:109)
	at org.openqa.selenium.chrome.ChromeDriverService.access$000(ChromeDriverService.java:32)
	at org.openqa.selenium.chrome.ChromeDriverService$Builder.findDefaultExecutable(ChromeDriverService.java:137)
	at org.openqa.selenium.remote.service.DriverService$Builder.build(DriverService.java:290)
	at org.openqa.selenium.chrome.ChromeDriverService.createDefaultService(ChromeDriverService.java:88)
	at org.openqa.selenium.chrome.ChromeDriver.<init>(ChromeDriver.java:116)
	at org.maui.selenium.web.factory.WebDriverFactory.prepareWebDriver(WebDriverFactory.java:38)
	at org.maui.selenium.web.BaseTest.setup(BaseTest.java:19)
	at sun.reflect.NativeMethodAccessorImpl.invoke0(Native Method)
	at sun.reflect.NativeMethodAccessorImpl.invoke(NativeMethodAccessorImpl.java:57)
	at sun.reflect.DelegatingMethodAccessorImpl.invoke(DelegatingMethodAccessorImpl.java:43)
	at java.lang.reflect.Method.invoke(Method.java:606)
	at org.testng.internal.MethodInvocationHelper.invokeMethod(MethodInvocationHelper.java:84)
	at org.testng.internal.Invoker.invokeConfigurationMethod(Invoker.java:564)
	at org.testng.internal.Invoker.invokeConfigurations(Invoker.java:213)
	at org.testng.internal.Invoker.invokeConfigurations(Invoker.java:138)
	at org.testng.internal.TestMethodWorker.invokeBeforeClassMethods(TestMethodWorker.java:175)
	at org.testng.internal.TestMethodWorker.run(TestMethodWorker.java:107)
	at org.testng.TestRunner.privateRun(TestRunner.java:767)
	at org.testng.TestRunner.run(TestRunner.java:617)
	at org.testng.SuiteRunner.runTest(SuiteRunner.java:334)
	at org.testng.SuiteRunner.runSequentially(SuiteRunner.java:329)
	at org.testng.SuiteRunner.privateRun(SuiteRunner.java:291)
	at org.testng.SuiteRunner.run(SuiteRunner.java:240)
	at org.testng.SuiteRunnerWorker.runSuite(SuiteRunnerWorker.java:52)
	at org.testng.SuiteRunnerWorker.run(SuiteRunnerWorker.java:86)
	at org.testng.TestNG.runSuitesSequentially(TestNG.java:1224)
	at org.testng.TestNG.runSuitesLocally(TestNG.java:1149)
	at org.testng.TestNG.run(TestNG.java:1057)
	at org.testng.remote.RemoteTestNG.run(RemoteTestNG.java:111)
	at org.testng.remote.RemoteTestNG.initAndRun(RemoteTestNG.java:204)
	at org.testng.remote.RemoteTestNG.main(RemoteTestNG.java:175)
]]>
            </full-stacktrace>
          </exception> <!-- java.lang.IllegalStateException -->
          <reporter-output>
          </reporter-output>
        </test-method> <!-- setup -->
        <test-method status="SKIP" signature="logBeforeTest(java.lang.reflect.Method)[pri:0, instance:org.maui.selenium.web.WalmartFlowTest@aaf5002]" name="logBeforeTest" is-config="true" duration-ms="0" started-at="2015-08-31T22:27:45Z" finished-at="2015-08-31T22:27:45Z">
          <reporter-output>
          </reporter-output>
        </test-method> <!-- logBeforeTest -->
        <test-method status="SKIP" signature="testFlow()[pri:0, instance:org.maui.selenium.web.WalmartFlowTest@aaf5002]" name="testFlow" duration-ms="0" started-at="2015-08-31T22:27:45Z" finished-at="2015-08-31T22:27:45Z">
          <reporter-output>
          </reporter-output>
        </test-method> <!-- testFlow -->
        <test-method status="SKIP" signature="logAfterTest(java.lang.reflect.Method)[pri:0, instance:org.maui.selenium.web.WalmartFlowTest@aaf5002]" name="logAfterTest" is-config="true" duration-ms="0" started-at="2015-08-31T22:27:45Z" finished-at="2015-08-31T22:27:45Z">
          <reporter-output>
          </reporter-output>
        </test-method> <!-- logAfterTest -->
        <test-method status="SKIP" signature="tearDown()[pri:0, instance:org.maui.selenium.web.WalmartFlowTest@aaf5002]" name="tearDown" is-config="true" duration-ms="0" started-at="2015-08-31T22:27:45Z" finished-at="2015-08-31T22:27:45Z">
          <reporter-output>
          </reporter-output>
        </test-method> <!-- tearDown -->
      </class> <!-- org.maui.selenium.web.WalmartFlowTest -->
    </test> <!-- Default test -->
  </suite> <!-- Default suite -->
</testng-results>
